<?xml version="1.0" encoding="UTF-8"?>
<testsuite name="ru.ServerRestApp.ServerRestAppApplicationTests" tests="1" skipped="0" failures="0" errors="0" timestamp="2023-06-27T11:34:55" hostname="DESKTOP-ST2QFVL" time="0.121">
  <properties/>
  <testcase name="contextLoads()" classname="ru.ServerRestApp.ServerRestAppApplicationTests" time="0.121"/>
  <system-out><![CDATA[14:34:51.564 [Test worker] DEBUG org.springframework.boot.test.context.SpringBootTestContextBootstrapper - Neither @ContextConfiguration nor @ContextHierarchy found for test class [ServerRestAppApplicationTests]: using SpringBootContextLoader
14:34:51.568 [Test worker] DEBUG org.springframework.test.context.support.AbstractContextLoader - Could not detect default resource locations for test class [ru.ServerRestApp.ServerRestAppApplicationTests]: no resource found for suffixes {-context.xml, Context.groovy}.
14:34:51.569 [Test worker] INFO org.springframework.test.context.support.AnnotationConfigContextLoaderUtils - Could not detect default configuration classes for test class [ru.ServerRestApp.ServerRestAppApplicationTests]: ServerRestAppApplicationTests does not declare any static, non-private, non-final, nested classes annotated with @Configuration.
14:34:51.591 [Test worker] DEBUG org.springframework.boot.test.context.SpringBootTestContextBootstrapper - Using ContextCustomizers for test class [ServerRestAppApplicationTests]: [DisableObservabilityContextCustomizer, PropertyMappingContextCustomizer, Customizer, ExcludeFilterContextCustomizer, DuplicateJsonObjectContextCustomizer, MockitoContextCustomizer, TestRestTemplateContextCustomizer]
14:34:51.659 [Test worker] DEBUG org.springframework.context.annotation.ClassPathScanningCandidateComponentProvider - Identified candidate component class: file [C:\Users\diman\IdeaProjects\finance-manager-server\build\classes\java\main\ru\ServerRestApp\ServerRestAppApplication.class]
14:34:51.661 [Test worker] INFO org.springframework.boot.test.context.SpringBootTestContextBootstrapper - Found @SpringBootConfiguration ru.ServerRestApp.ServerRestAppApplication for test class ru.ServerRestApp.ServerRestAppApplicationTests
14:34:51.757 [Test worker] DEBUG org.springframework.boot.test.context.SpringBootTestContextBootstrapper - Using TestExecutionListeners for test class [ServerRestAppApplicationTests]: [ServletTestExecutionListener, DirtiesContextBeforeModesTestExecutionListener, ApplicationEventsTestExecutionListener, MockitoTestExecutionListener, DependencyInjectionTestExecutionListener, DirtiesContextTestExecutionListener, TransactionalTestExecutionListener, SqlScriptsTestExecutionListener, EventPublishingTestExecutionListener, RestDocsTestExecutionListener, MockRestServiceServerResetTestExecutionListener, MockMvcPrintOnlyOnFailureTestExecutionListener, WebDriverTestExecutionListener, MockWebServiceServerTestExecutionListener, ResetMocksTestExecutionListener]
14:34:51.759 [Test worker] DEBUG org.springframework.test.context.support.AbstractDirtiesContextTestExecutionListener - Before test class: class [ServerRestAppApplicationTests], class annotated with @DirtiesContext [false] with mode [null]

  .   ____          _            __ _ _
 /\\ / ___'_ __ _ _(_)_ __  __ _ \ \ \ \
( ( )\___ | '_ | '_| | '_ \/ _` | \ \ \ \
 \\/  ___)| |_)| | | | | || (_| |  ) ) ) )
  '  |____| .__|_| |_|_| |_\__, | / / / /
 =========|_|==============|___/=/_/_/_/
 :: Spring Boot ::                (v3.0.1)

2023-06-27T14:34:52.003+03:00  INFO 20944 --- [    Test worker] r.S.ServerRestAppApplicationTests        : Starting ServerRestAppApplicationTests using Java 17.0.7 with PID 20944 (started by diman in C:\Users\diman\IdeaProjects\finance-manager-server)
2023-06-27T14:34:52.004+03:00  INFO 20944 --- [    Test worker] r.S.ServerRestAppApplicationTests        : No active profile set, falling back to 1 default profile: "default"
2023-06-27T14:34:52.566+03:00  INFO 20944 --- [    Test worker] .s.d.r.c.RepositoryConfigurationDelegate : Bootstrapping Spring Data JPA repositories in DEFAULT mode.
2023-06-27T14:34:52.626+03:00  INFO 20944 --- [    Test worker] .s.d.r.c.RepositoryConfigurationDelegate : Finished Spring Data repository scanning in 52 ms. Found 8 JPA repository interfaces.
2023-06-27T14:34:52.981+03:00  INFO 20944 --- [    Test worker] com.zaxxer.hikari.HikariDataSource       : HikariPool-1 - Starting...
2023-06-27T14:34:53.365+03:00  INFO 20944 --- [    Test worker] com.zaxxer.hikari.pool.HikariPool        : HikariPool-1 - Added connection org.postgresql.jdbc.PgConnection@44598ef7
2023-06-27T14:34:53.367+03:00  INFO 20944 --- [    Test worker] com.zaxxer.hikari.HikariDataSource       : HikariPool-1 - Start completed.
2023-06-27T14:34:53.403+03:00  INFO 20944 --- [    Test worker] o.hibernate.jpa.internal.util.LogHelper  : HHH000204: Processing PersistenceUnitInfo [name: default]
2023-06-27T14:34:53.446+03:00  INFO 20944 --- [    Test worker] org.hibernate.Version                    : HHH000412: Hibernate ORM core version 6.1.6.Final
2023-06-27T14:34:53.596+03:00  WARN 20944 --- [    Test worker] org.hibernate.orm.deprecation            : HHH90000021: Encountered deprecated setting [javax.persistence.sharedCache.mode], use [jakarta.persistence.sharedCache.mode] instead
2023-06-27T14:34:53.744+03:00  INFO 20944 --- [    Test worker] SQL dialect                              : HHH000400: Using dialect: org.hibernate.dialect.PostgreSQLDialect
2023-06-27T14:34:54.433+03:00  INFO 20944 --- [    Test worker] o.h.e.t.j.p.i.JtaPlatformInitiator       : HHH000490: Using JtaPlatform implementation: [org.hibernate.engine.transaction.jta.platform.internal.NoJtaPlatform]
2023-06-27T14:34:54.441+03:00  INFO 20944 --- [    Test worker] j.LocalContainerEntityManagerFactoryBean : Initialized JPA EntityManagerFactory for persistence unit 'default'
2023-06-27T14:34:54.914+03:00  WARN 20944 --- [    Test worker] JpaBaseConfiguration$JpaWebConfiguration : spring.jpa.open-in-view is enabled by default. Therefore, database queries may be performed during view rendering. Explicitly configure spring.jpa.open-in-view to disable this warning
2023-06-27T14:34:55.139+03:00  INFO 20944 --- [    Test worker] o.s.s.web.DefaultSecurityFilterChain     : Will secure any request with [org.springframework.security.web.session.DisableEncodeUrlFilter@5cd6a827, org.springframework.security.web.context.request.async.WebAsyncManagerIntegrationFilter@6cd65042, org.springframework.security.web.context.SecurityContextHolderFilter@470866d1, org.springframework.security.web.header.HeaderWriterFilter@1c24639e, org.springframework.web.filter.CorsFilter@7674f9d4, org.springframework.security.web.authentication.logout.LogoutFilter@3ad9fea, ru.ServerRestApp.JWT.config.JwtAuthenticationFilter@3cb376a3, org.springframework.security.web.savedrequest.RequestCacheAwareFilter@118c1faa, org.springframework.security.web.servletapi.SecurityContextHolderAwareRequestFilter@5aefdb9e, org.springframework.security.web.authentication.AnonymousAuthenticationFilter@4b5ceb5d, org.springframework.security.web.session.SessionManagementFilter@22fe90df, org.springframework.security.web.access.ExceptionTranslationFilter@5b49b1df, org.springframework.security.web.access.intercept.AuthorizationFilter@7da9b32c]
2023-06-27T14:34:55.322+03:00  WARN 20944 --- [    Test worker] ion$DefaultTemplateResolverConfiguration : Cannot find template location: classpath:/templates/ (please add some templates, check your Thymeleaf configuration, or set spring.thymeleaf.check-template-location=false)
2023-06-27T14:34:55.392+03:00  INFO 20944 --- [    Test worker] r.S.ServerRestAppApplicationTests        : Started ServerRestAppApplicationTests in 3.597 seconds (process running for 4.718)
]]></system-out>
  <system-err><![CDATA[]]></system-err>
</testsuite>
